# JRE version: OpenJDK Runtime Environment (8.0_66-b17) (build 1.8.0_66-internal-b17)
# Java VM: OpenJDK 64-Bit Server VM (25.66-b17 mixed mode linux-amd64 compressed oops)
Heap:
 PSYoungGen      total 259072K, used 22027K [0x00000000eab00000, 0x0000000100000000, 0x0000000100000000)
  eden space 199680K, 0% used [0x00000000eab00000,0x00000000eab00000,0x00000000f6e00000)
  from space 59392K, 37% used [0x00000000f6e00000,0x00000000f8382f88,0x00000000fa800000)
  to   space 89088K, 0% used [0x00000000fa900000,0x00000000fa900000,0x0000000100000000)
 ParOldGen       total 175104K, used 174851K [0x00000000c0000000, 0x00000000cab00000, 0x00000000eab00000)
  object space 175104K, 99% used [0x00000000c0000000,0x00000000caac0fc0,0x00000000cab00000)
 Metaspace       used 6235K, capacity 7152K, committed 7296K, reserved 1056768K
  class space    used 588K, capacity 616K, committed 640K, reserved 1048576K
GC Heap History (10 events):
Event: 28.845 GC heap after
Heap after GC invocations=7 (full 0):
 PSYoungGen      total 136704K, used 15357K [0x00000000eab00000, 0x00000000fdf00000, 0x0000000100000000)
  eden space 121344K, 0% used [0x00000000eab00000,0x00000000eab00000,0x00000000f2180000)
  from space 15360K, 99% used [0x00000000f2180000,0x00000000f307f7e0,0x00000000f3080000)
  to   space 36352K, 0% used [0x00000000fbb80000,0x00000000fbb80000,0x00000000fdf00000)
 ParOldGen       total 54784K, used 53944K [0x00000000c0000000, 0x00000000c3580000, 0x00000000eab00000)
  object space 54784K, 98% used [0x00000000c0000000,0x00000000c34ae3b8,0x00000000c3580000)
 Metaspace       used 6179K, capacity 7152K, committed 7296K, reserved 1056768K
  class space    used 587K, capacity 616K, committed 640K, reserved 1048576K
}
Event: 28.845 GC heap before
{Heap before GC invocations=8 (full 1):
 PSYoungGen      total 136704K, used 15357K [0x00000000eab00000, 0x00000000fdf00000, 0x0000000100000000)
  eden space 121344K, 0% used [0x00000000eab00000,0x00000000eab00000,0x00000000f2180000)
  from space 15360K, 99% used [0x00000000f2180000,0x00000000f307f7e0,0x00000000f3080000)
  to   space 36352K, 0% used [0x00000000fbb80000,0x00000000fbb80000,0x00000000fdf00000)
 ParOldGen       total 54784K, used 53944K [0x00000000c0000000, 0x00000000c3580000, 0x00000000eab00000)
  object space 54784K, 98% used [0x00000000c0000000,0x00000000c34ae3b8,0x00000000c3580000)
 Metaspace       used 6179K, capacity 7152K, committed 7296K, reserved 1056768K
  class space    used 587K, capacity 616K, committed 640K, reserved 1048576K
Event: 29.781 GC heap after
Heap after GC invocations=8 (full 1):
 PSYoungGen      total 136704K, used 11620K [0x00000000eab00000, 0x00000000fdf00000, 0x0000000100000000)
  eden space 121344K, 0% used [0x00000000eab00000,0x00000000eab00000,0x00000000f2180000)
  from space 15360K, 75% used [0x00000000f2180000,0x00000000f2cd9200,0x00000000f3080000)
  to   space 36352K, 0% used [0x00000000fbb80000,0x00000000fbb80000,0x00000000fdf00000)
 ParOldGen       total 100864K, used 54635K [0x00000000c0000000, 0x00000000c6280000, 0x00000000eab00000)
  object space 100864K, 54% used [0x00000000c0000000,0x00000000c355acd0,0x00000000c6280000)
 Metaspace       used 6179K, capacity 7152K, committed 7296K, reserved 1056768K
  class space    used 587K, capacity 616K, committed 640K, reserved 1048576K
}
Event: 30.360 GC heap before
{Heap before GC invocations=9 (full 1):
 PSYoungGen      total 136704K, used 132964K [0x00000000eab00000, 0x00000000fdf00000, 0x0000000100000000)
  eden space 121344K, 100% used [0x00000000eab00000,0x00000000f2180000,0x00000000f2180000)
  from space 15360K, 75% used [0x00000000f2180000,0x00000000f2cd9200,0x00000000f3080000)
  to   space 36352K, 0% used [0x00000000fbb80000,0x00000000fbb80000,0x00000000fdf00000)
 ParOldGen       total 100864K, used 54635K [0x00000000c0000000, 0x00000000c6280000, 0x00000000eab00000)
  object space 100864K, 54% used [0x00000000c0000000,0x00000000c355acd0,0x00000000c6280000)
 Metaspace       used 6203K, capacity 7152K, committed 7296K, reserved 1056768K
  class space    used 588K, capacity 616K, committed 640K, reserved 1048576K
Event: 30.474 GC heap after
Heap after GC invocations=9 (full 1):
 PSYoungGen      total 236032K, used 36351K [0x00000000eab00000, 0x00000000fe200000, 0x0000000100000000)
  eden space 199680K, 0% used [0x00000000eab00000,0x00000000eab00000,0x00000000f6e00000)
  from space 36352K, 99% used [0x00000000fbb80000,0x00000000fdeffea8,0x00000000fdf00000)
  to   space 59392K, 0% used [0x00000000f6e00000,0x00000000f6e00000,0x00000000fa800000)
 ParOldGen       total 100864K, used 90592K [0x00000000c0000000, 0x00000000c6280000, 0x00000000eab00000)
  object space 100864K, 89% used [0x00000000c0000000,0x00000000c5878070,0x00000000c6280000)
 Metaspace       used 6203K, capacity 7152K, committed 7296K, reserved 1056768K
  class space    used 588K, capacity 616K, committed 640K, reserved 1048576K
}
Event: 30.474 GC heap before
{Heap before GC invocations=10 (full 2):
 PSYoungGen      total 236032K, used 36351K [0x00000000eab00000, 0x00000000fe200000, 0x0000000100000000)
  eden space 199680K, 0% used [0x00000000eab00000,0x00000000eab00000,0x00000000f6e00000)
  from space 36352K, 99% used [0x00000000fbb80000,0x00000000fdeffea8,0x00000000fdf00000)
  to   space 59392K, 0% used [0x00000000f6e00000,0x00000000f6e00000,0x00000000fa800000)
 ParOldGen       total 100864K, used 90592K [0x00000000c0000000, 0x00000000c6280000, 0x00000000eab00000)
  object space 100864K, 89% used [0x00000000c0000000,0x00000000c5878070,0x00000000c6280000)
 Metaspace       used 6203K, capacity 7152K, committed 7296K, reserved 1056768K
  class space    used 588K, capacity 616K, committed 640K, reserved 1048576K
Event: 30.927 GC heap after
Heap after GC invocations=10 (full 2):
 PSYoungGen      total 236032K, used 21781K [0x00000000eab00000, 0x00000000fe200000, 0x0000000100000000)
  eden space 199680K, 0% used [0x00000000eab00000,0x00000000eab00000,0x00000000f6e00000)
  from space 36352K, 59% used [0x00000000fbb80000,0x00000000fd0c5778,0x00000000fdf00000)
  to   space 59392K, 0% used [0x00000000f6e00000,0x00000000f6e00000,0x00000000fa800000)
 ParOldGen       total 175104K, used 100814K [0x00000000c0000000, 0x00000000cab00000, 0x00000000eab00000)
  object space 175104K, 57% used [0x00000000c0000000,0x00000000c6273858,0x00000000cab00000)
 Metaspace       used 6203K, capacity 7152K, committed 7296K, reserved 1056768K
  class space    used 588K, capacity 616K, committed 640K, reserved 1048576K
}
Event: 31.541 GC heap before
{Heap before GC invocations=11 (full 2):
 PSYoungGen      total 236032K, used 221461K [0x00000000eab00000, 0x00000000fe200000, 0x0000000100000000)
  eden space 199680K, 100% used [0x00000000eab00000,0x00000000f6e00000,0x00000000f6e00000)
  from space 36352K, 59% used [0x00000000fbb80000,0x00000000fd0c5778,0x00000000fdf00000)
  to   space 59392K, 0% used [0x00000000f6e00000,0x00000000f6e00000,0x00000000fa800000)
 ParOldGen       total 175104K, used 100814K [0x00000000c0000000, 0x00000000cab00000, 0x00000000eab00000)
  object space 175104K, 57% used [0x00000000c0000000,0x00000000c6273858,0x00000000cab00000)
 Metaspace       used 6235K, capacity 7152K, committed 7296K, reserved 1056768K
  class space    used 588K, capacity 616K, committed 640K, reserved 1048576K
Event: 31.787 GC heap after
Heap after GC invocations=11 (full 2):
 PSYoungGen      total 259072K, used 59377K [0x00000000eab00000, 0x0000000100000000, 0x0000000100000000)
  eden space 199680K, 0% used [0x00000000eab00000,0x00000000eab00000,0x00000000f6e00000)
  from space 59392K, 99% used [0x00000000f6e00000,0x00000000fa7fc408,0x00000000fa800000)
  to   space 89088K, 0% used [0x00000000fa900000,0x00000000fa900000,0x0000000100000000)
 ParOldGen       total 175104K, used 145514K [0x00000000c0000000, 0x00000000cab00000, 0x00000000eab00000)
  object space 175104K, 83% used [0x00000000c0000000,0x00000000c8e1aa88,0x00000000cab00000)
 Metaspace       used 6235K, capacity 7152K, committed 7296K, reserved 1056768K
  class space    used 588K, capacity 616K, committed 640K, reserved 1048576K
}
Event: 31.787 GC heap before
{Heap before GC invocations=12 (full 3):
 PSYoungGen      total 259072K, used 59377K [0x00000000eab00000, 0x0000000100000000, 0x0000000100000000)
  eden space 199680K, 0% used [0x00000000eab00000,0x00000000eab00000,0x00000000f6e00000)
  from space 59392K, 99% used [0x00000000f6e00000,0x00000000fa7fc408,0x00000000fa800000)
  to   space 89088K, 0% used [0x00000000fa900000,0x00000000fa900000,0x0000000100000000)
 ParOldGen       total 175104K, used 145514K [0x00000000c0000000, 0x00000000cab00000, 0x00000000eab00000)
  object space 175104K, 83% used [0x00000000c0000000,0x00000000c8e1aa88,0x00000000cab00000)
 Metaspace       used 6235K, capacity 7152K, committed 7296K, reserved 1056768K
  class space    used 588K, capacity 616K, committed 640K, reserved 1048576K

